
 make.py started: 2016-09-20 11:14:34 /Users/mrsull/Desktop/trans/Transparent Identification (BLP Estimation)/code 


Path: gslab_make
URL: https://econ-gentzkow-svn.stanford.edu/repos/main/trunk/lib/python/gslab_make
Repository Root: https://econ-gentzkow-svn.stanford.edu/repos/main
Repository UUID: 89b4331b-4301-411a-8e06-9c78d9cdb83d
Revision: 35089
Node Kind: directory
Last Changed Author: jwchoi2
Last Changed Rev: 33502
Last Changed Date: 2016-02-07 17:40:17 -0800 (Sun, 07 Feb 2016)


 get_externals.py started: 2016-09-20 11:14:36 /Users/mrsull/Desktop/trans/Transparent Identification (BLP Estimation)/code

 Input was: "31865	%svn%/lib/matlab/gslab_mde/	*	./lib/matlab/gslab_mde/	""""".
SVN command passed: https://econ-gentzkow-svn.stanford.edu/repos/main/trunk/lib/matlab/gslab_mde/ @31865 exported to ../external/./lib/matlab/gslab_mde/.

 Input was: "31865	%svn%/lib/matlab/gslab_model/	*	./lib/matlab/gslab_model/	""""".
SVN command passed: https://econ-gentzkow-svn.stanford.edu/repos/main/trunk/lib/matlab/gslab_model/ @31865 exported to ../external/./lib/matlab/gslab_model/.

 Input was: "33285	%svn%/lib/matlab/gslab_misc/	*	./lib/matlab/gslab_misc	""""	".
SVN command passed: https://econ-gentzkow-svn.stanford.edu/repos/main/trunk/lib/matlab/gslab_misc/ @33285 exported to ../external/./lib/matlab/gslab_misc/.

 Input was: "31865	%svn%/lib/matlab/numerical_derivatives/	*	./lib/matlab/numerical_derivatives/	""""".
SVN command passed: https://econ-gentzkow-svn.stanford.edu/repos/main/trunk/lib/matlab/numerical_derivatives/ @31865 exported to ../external/./lib/matlab/numerical_derivatives/.

 Input was: "35089	%svn%/lib/matlab/blp	*	./lib/matlab/blp/	""""	".
SVN command passed: https://econ-gentzkow-svn.stanford.edu/repos/main/trunk/lib/matlab/blp/ @35089 exported to ../external/./lib/matlab/blp/.

 Input was: "35089	%svn%/lib/matlab/trans	*	./lib/matlab/trans/	""""	".
SVN command passed: https://econ-gentzkow-svn.stanford.edu/repos/main/trunk/lib/matlab/trans/ @35089 exported to ../external/./lib/matlab/trans/.

 Input was: "31865	%svn%/raw/BLP (1995)/orig	*	./data/	""""".
SVN command passed: https://econ-gentzkow-svn.stanford.edu/repos/main/trunk/raw/BLP (1995)/orig/ @31865 exported to ../external/./data/.

 Input was: "31865	%svn%/derived/Transparent Identification (BLP Extract Data)/output	*	./data/	""""	".
SVN command passed: https://econ-gentzkow-svn.stanford.edu/repos/main/trunk/derived/Transparent Identification (BLP Extract Data)/output/ @31865 exported to ../external/./data/.

 Input was: "31865	%svn%/derived/Transparent Identification (BLP Extract Unobservables)/output	*	./data/	""""	".
SVN command passed: https://econ-gentzkow-svn.stanford.edu/repos/main/trunk/derived/Transparent Identification (BLP Extract Unobservables)/output/ @31865 exported to ../external/./data/.

 get_externals.py ended: 2016-09-20 11:14:51


Execute:  matlab -r estimate -logfile estimate.log -nosplash -nodesktop
[?1h=
                                                          < M A T L A B (R) >
                                                Copyright 1984-2016 The MathWorks, Inc.
                                                 R2016a (9.0.0.341360) 64-bit (maci64)
                                                           February 11, 2016

[Warning: Duplicate directory name: /Applications/MATLAB_R2016a.app/toolbox/matlab/external/interfaces/webservices/wsdl] 
 
To get started, type one of these: helpwin, helpdesk, or demo.
For product information, visit www.mathworks.com.
 

	Academic License

Starting parallel pool (parpool) using the 'local' profile ... [?1h=connected to 4 workers.

=======================================
          Commercial License
         Artelys Knitro 10.1.1
=======================================

Knitro presolve eliminated 0 variables and 0 constraints.

algorithm:            1
gradopt:              4
hessopt:              2
honorbnds:            1
maxit:                10000
outlev:               1
par_concurrent_evals: 0
The problem is identified as bound constrained only.
Knitro changing bar_initpt from AUTO to 3.
Knitro changing bar_murule from AUTO to 4.
Knitro changing bar_penaltycons from AUTO to 1.
Knitro changing bar_penaltyrule from AUTO to 2.
Knitro changing bar_switchrule from AUTO to 1.
Knitro changing linsolver from AUTO to 2.

Problem Characteristics                    ( Presolved)
-----------------------
Objective goal:  Minimize
Number of variables:                     6 (         6)
    bounded below:                       5 (         5)
    bounded above:                       0 (         0)
    bounded below and above:             0 (         0)
    fixed:                               0 (         0)
    free:                                1 (         1)
Number of constraints:                   0 (         0)
    linear equalities:                   0 (         0)
    nonlinear equalities:                0 (         0)
    linear inequalities:                 0 (         0)
    nonlinear inequalities:              0 (         0)
    range:                               0 (         0)
Number of nonzeros in Jacobian:          0 (         0)
Number of nonzeros in Hessian:          21 (        21)

EXIT: Locally optimal solution found.

Final Statistics
----------------
Final objective value               =   4.46954270813780e-01
Final feasibility error (abs / rel) =   0.00e+00 / 0.00e+00
Final optimality error  (abs / rel) =   7.68e-07 / 7.68e-07
# of iterations                     =         38 
# of CG iterations                  =          0 
# of function evaluations           =        280
# of gradient evaluations           =          0
Total program time (secs)           =     120.77611 (    59.683 CPU time)
Time spent in evaluations (secs)    =     117.99806

===============================================================================


=======================================
          Commercial License
         Artelys Knitro 10.1.1
=======================================

Knitro presolve eliminated 0 variables and 0 constraints.

algorithm:            1
gradopt:              4
hessopt:              2
honorbnds:            1
maxit:                10000
outlev:               1
par_concurrent_evals: 0
The problem is identified as bound constrained only.
Knitro changing bar_initpt from AUTO to 3.
Knitro changing bar_murule from AUTO to 4.
Knitro changing bar_penaltycons from AUTO to 1.
Knitro changing bar_penaltyrule from AUTO to 2.
Knitro changing bar_switchrule from AUTO to 1.
Knitro changing linsolver from AUTO to 2.

Problem Characteristics                    ( Presolved)
-----------------------
Objective goal:  Minimize
Number of variables:                     6 (         6)
    bounded below:                       5 (         5)
    bounded above:                       0 (         0)
    bounded below and above:             0 (         0)
    fixed:                               0 (         0)
    free:                                1 (         1)
Number of constraints:                   0 (         0)
    linear equalities:                   0 (         0)
    nonlinear equalities:                0 (         0)
    linear inequalities:                 0 (         0)
    nonlinear inequalities:              0 (         0)
    range:                               0 (         0)
Number of nonzeros in Jacobian:          0 (         0)
Number of nonzeros in Hessian:          21 (        21)

EXIT: Locally optimal solution found.

Final Statistics
----------------
Final objective value               =   4.27155402435365e-01
Final feasibility error (abs / rel) =   0.00e+00 / 0.00e+00
Final optimality error  (abs / rel) =   4.08e-07 / 4.08e-07
# of iterations                     =         36 
# of CG iterations                  =          0 
# of function evaluations           =        266
# of gradient evaluations           =          0
Total program time (secs)           =     102.01319 (    52.757 CPU time)
Time spent in evaluations (secs)    =      98.94227

===============================================================================

Parameter estimates for model with (sigma >= 0), BLP (1999) unobservables:
 
=============================================
GMM first stage estimates: 
---------------------------------------------
Objective function: 0.44695
Parameter estimates: 
    'sigma_const'    [ 2.7398]
    'sigma_hpwt'     [ 3.0226]
    'sigma_air'      [ 3.8619]
    'sigma_mpd'      [ 0.4886]
    'sigma_space'    [ 2.0423]
    'alpha_price'    [43.9575]

---------------------------------------------
 
GMM second stage estimates: 
---------------------------------------------
Objective function: 0.42716
Parameter estimates: 
    'sigma_const'    [ 2.5221]
    'sigma_hpwt'     [ 3.5237]
    'sigma_air'      [ 4.1667]
    'sigma_mpd'      [ 0.3929]
    'sigma_space'    [ 1.9367]
    'alpha_price'    [42.8702]

---------------------------------------------
 
---------------------------------------------
Inner loop tolerance: 1e-14
Importance sampling: 1
Number of unobservables: 200
=============================================
 
[?1l>
                                                          < M A T L A B (R) >
                                                Copyright 1984-2016 The MathWorks, Inc.
                                                 R2016a (9.0.0.341360) 64-bit (maci64)
                                                           February 11, 2016

[Warning: Duplicate directory name: /Applications/MATLAB_R2016a.app/toolbox/matlab/external/interfaces/webservices/wsdl] 
 
To get started, type one of these: helpwin, helpdesk, or demo.
For product information, visit www.mathworks.com.
 

	Academic License

Starting parallel pool (parpool) using the 'local' profile ... connected to 4 workers.

=======================================
          Commercial License
         Artelys Knitro 10.1.1
=======================================

Knitro presolve eliminated 0 variables and 0 constraints.

algorithm:            1
gradopt:              4
hessopt:              2
honorbnds:            1
maxit:                10000
outlev:               1
par_concurrent_evals: 0
The problem is identified as bound constrained only.
Knitro changing bar_initpt from AUTO to 3.
Knitro changing bar_murule from AUTO to 4.
Knitro changing bar_penaltycons from AUTO to 1.
Knitro changing bar_penaltyrule from AUTO to 2.
Knitro changing bar_switchrule from AUTO to 1.
Knitro changing linsolver from AUTO to 2.

Problem Characteristics                    ( Presolved)
-----------------------
Objective goal:  Minimize
Number of variables:                     6 (         6)
    bounded below:                       5 (         5)
    bounded above:                       0 (         0)
    bounded below and above:             0 (         0)
    fixed:                               0 (         0)
    free:                                1 (         1)
Number of constraints:                   0 (         0)
    linear equalities:                   0 (         0)
    nonlinear equalities:                0 (         0)
    linear inequalities:                 0 (         0)
    nonlinear inequalities:              0 (         0)
    range:                               0 (         0)
Number of nonzeros in Jacobian:          0 (         0)
Number of nonzeros in Hessian:          21 (        21)

EXIT: Locally optimal solution found.

Final Statistics
----------------
Final objective value               =   4.46954270813780e-01
Final feasibility error (abs / rel) =   0.00e+00 / 0.00e+00
Final optimality error  (abs / rel) =   7.68e-07 / 7.68e-07
# of iterations                     =         38 
# of CG iterations                  =          0 
# of function evaluations           =        280
# of gradient evaluations           =          0
Total program time (secs)           =     120.77611 (    59.683 CPU time)
Time spent in evaluations (secs)    =     117.99806

===============================================================================


=======================================
          Commercial License
         Artelys Knitro 10.1.1
=======================================

Knitro presolve eliminated 0 variables and 0 constraints.

algorithm:            1
gradopt:              4
hessopt:              2
honorbnds:            1
maxit:                10000
outlev:               1
par_concurrent_evals: 0
The problem is identified as bound constrained only.
Knitro changing bar_initpt from AUTO to 3.
Knitro changing bar_murule from AUTO to 4.
Knitro changing bar_penaltycons from AUTO to 1.
Knitro changing bar_penaltyrule from AUTO to 2.
Knitro changing bar_switchrule from AUTO to 1.
Knitro changing linsolver from AUTO to 2.

Problem Characteristics                    ( Presolved)
-----------------------
Objective goal:  Minimize
Number of variables:                     6 (         6)
    bounded below:                       5 (         5)
    bounded above:                       0 (         0)
    bounded below and above:             0 (         0)
    fixed:                               0 (         0)
    free:                                1 (         1)
Number of constraints:                   0 (         0)
    linear equalities:                   0 (         0)
    nonlinear equalities:                0 (         0)
    linear inequalities:                 0 (         0)
    nonlinear inequalities:              0 (         0)
    range:                               0 (         0)
Number of nonzeros in Jacobian:          0 (         0)
Number of nonzeros in Hessian:          21 (        21)

EXIT: Locally optimal solution found.

Final Statistics
----------------
Final objective value               =   4.27155402435365e-01
Final feasibility error (abs / rel) =   0.00e+00 / 0.00e+00
Final optimality error  (abs / rel) =   4.08e-07 / 4.08e-07
# of iterations                     =         36 
# of CG iterations                  =          0 
# of function evaluations           =        266
# of gradient evaluations           =          0
Total program time (secs)           =     102.01319 (    52.757 CPU time)
Time spent in evaluations (secs)    =      98.94227

===============================================================================

Parameter estimates for model with (sigma >= 0), BLP (1999) unobservables:
 
=============================================
GMM first stage estimates: 
---------------------------------------------
Objective function: 0.44695
Parameter estimates: 
    'sigma_const'    [ 2.7398]
    'sigma_hpwt'     [ 3.0226]
    'sigma_air'      [ 3.8619]
    'sigma_mpd'      [ 0.4886]
    'sigma_space'    [ 2.0423]
    'alpha_price'    [43.9575]

---------------------------------------------
 
GMM second stage estimates: 
---------------------------------------------
Objective function: 0.42716
Parameter estimates: 
    'sigma_const'    [ 2.5221]
    'sigma_hpwt'     [ 3.5237]
    'sigma_air'      [ 4.1667]
    'sigma_mpd'      [ 0.3929]
    'sigma_space'    [ 1.9367]
    'alpha_price'    [42.8702]

---------------------------------------------
 
---------------------------------------------
Inner loop tolerance: 1e-14
Importance sampling: 1
Number of unobservables: 200
=============================================
 

 make.py ended: 2016-09-20 11:20:44
