
 make.py started: 2015-07-14 04:53:22 C:\Allen\Dropbox\GSLab\Transparent Identification (BLP Verify Elasticity)\code 


Path: gslab_make
URL: http://gsbhmg01.chicagobooth.edu/svn/trunk/lib/python/gslab_make
Relative URL: ^/trunk/lib/python/gslab_make
Repository Root: http://gsbhmg01.chicagobooth.edu/svn
Repository UUID: 89b4331b-4301-411a-8e06-9c78d9cdb83d
Revision: 31862
Node Kind: directory
Last Changed Author: athomas6
Last Changed Rev: 31413
Last Changed Date: 2015-05-20 10:18:54 -0500 (Wed, 20 May 2015)


 get_externals.py started: 2015-07-14 04:53:22 C:\Allen\Dropbox\GSLab\Transparent Identification (BLP Verify Elasticity)\code

 Input was: "31819	%svn%/lib/third_party/blp_1999	*	./lib/blp_1999/	""""	".
SVN command passed: http://gsbhmg01.chicagobooth.edu/svn/trunk/lib/third_party/blp_1999/ @31819 exported to ../external/./lib/blp_1999/.

 Input was: "31819	%svn%/raw/BLP (1995)/orig	*	./data/	""""	".
SVN command passed: http://gsbhmg01.chicagobooth.edu/svn/trunk/raw/BLP (1995)/orig/ @31819 exported to ../external/./data/.

 get_externals.py ended: 2015-07-14 04:53:23
parm0|verstart is 
       43.501000 
       3.6120000 
       4.6280000 
       2.0560000 
       1.8180000 
       1.0500000 
      0.00000000 
      0.00000000 
      0.00000000 
      0.00000000 
      0.00000000 
      0.00000000 
      0.00000000 
      0.00000000 
      0.00000000 
      0.00000000 
kseed1 is        17543.000 
kseed2 is        76312.000 
 
outer loop :  4:53:32
43.501 3.612 4.628 2.056 1.818 1.050 0.000 0.000 0.000 0.000 0.000 0.000 0.000 
0.000 0.000 0.000 
bx: 8.648 -7.841 -0.966 1.150 -2.469 1.120 -0.419 
bw: 1.200 0.521 1.264 0.417 0.028 3.168 -0.030 2.442 -0.022 0.075 0.068 
lamda: 0.000 0.000 0.000 0.000 0.000 0.000 0.000 0.000 0.000 0.000 
0.08109876 
 
outer loop :  4:53:32
43.501 3.612 4.628 2.056 1.818 1.050 0.000 0.000 0.000 0.000 0.000 0.000 0.000 
0.000 0.000 0.000 
bx: 0.399 -0.158 1.126 0.598 -1.665 1.026 -0.290 
bw: 0.943 0.549 1.189 0.448 0.028 2.746 -0.025 3.657 -0.037 0.082 0.138 
lamda: 0.000 0.000 0.000 0.000 0.000 0.000 0.000 0.000 0.000 0.000 
0.39595680 
 
Yr: 20.00000000 
Number of inelastic demands: 0.00000000 
 
 
            MZ323   NISENT   FDESCO   CVCAVA   HDACCO   FDTAUR   BKCENT 
           NIMAXI   ACLEGE   LNTOWN   CDSEVI   LXLS40   BW735i 
MZ323    -107.024    1.498    9.865    7.216    1.833    0.731    0.454  
            0.117    0.017    0.025    0.003    0.003    0.000  
 
NISENT      0.696  -89.023    7.875    5.814    2.086    0.831    0.501  
            0.152    0.024    0.036    0.004    0.005    0.000  
 
FDESCO      0.785    1.350  -83.803    5.988    2.018    0.692    0.489  
            0.140    0.022    0.033    0.004    0.005    0.000  
 
CVCAVA      0.562    0.975    5.859  -81.263    2.195    1.128    0.538  
            0.173    0.027    0.047    0.005    0.006    0.000  
 
HDACCO      0.101    0.247    1.396    1.553  -41.329    1.265    0.421  
            0.270    0.073    0.137    0.021    0.028    0.003  
 
FDTAUR      0.054    0.131    0.638    1.063    1.685  -36.983    0.339  
            0.211    0.067    0.231    0.026    0.024    0.004  
 
BKCENT      0.093    0.221    1.259    1.414    1.564    0.946  -47.182  
            0.733    0.158    0.280    0.034    0.035    0.004  
 
NIMAXI      0.027    0.075    0.403    0.510    1.126    0.662    0.822  
          -32.072    0.227    0.403    0.077    0.100    0.012  
 
ACLEGE      0.007    0.022    0.121    0.149    0.566    0.393    0.330  
            0.423  -17.356    0.529    0.127    0.166    0.029  
 
LNTOWN      0.004    0.012    0.064    0.092    0.385    0.487    0.211  
            0.271    0.191  -13.534    0.126    0.139    0.034  
 
CDSEVI      0.002    0.006    0.032    0.047    0.258    0.243    0.115  
            0.231    0.204    0.562  -10.895    0.207    0.051  
 
LXLS40      0.002    0.006    0.034    0.041    0.281    0.181    0.095  
            0.244    0.217    0.502    0.167  -10.186    0.051  
 
BW735i      0.000    0.002    0.009    0.013    0.107    0.119    0.038  
            0.119    0.149    0.481    0.163    0.201   -6.966  
 
derivatives wrt x

X                              P
(elas of share wrt x)                (elas)
-----------------------------------------    -----

MZ323       1.000    0.366    1.075    0.000    3.645    5.049  
           -0.864    0.270    0.876    0.000    0.592    5.404  
 
NISENT      1.000    0.391    1.092    0.000    3.645    5.661  
           -0.915    0.251    0.748    0.000    0.455    5.040  
 
FDESCO      1.000    0.401    1.116    0.000    4.022    5.663  
           -0.811    0.209    0.633    0.000    0.542    4.746  
 
CVCAVA      1.000    0.385    1.179    0.000    3.142    5.797  
           -1.023    0.341    1.105    0.000    0.187    4.711  
 
HDACCO      1.000    0.457    1.255    0.000    3.016    9.292  
           -0.904    0.220    0.577    0.000    0.092    3.840  
 
FDTAUR      1.000    0.304    1.334    0.000    2.262    9.671  
           -0.994    0.062    0.980    0.000   -0.184    3.577  
 
BKCENT      1.000    0.387    1.312    1.000    2.890   10.138  
           -0.855    0.183    0.605    0.390    0.047    4.783  
 
NIMAXI      1.000    0.518    1.300    1.000    2.513   13.695  
           -0.798    0.233    0.363    0.313   -0.051    4.392  
 
ACLEGE      1.000    0.510    1.292    1.000    2.388   18.944  
           -0.803    0.161    0.296    0.263   -0.120    3.288  
 
LNTOWN      1.000    0.373    1.720    1.000    2.136   21.412  
           -0.666    0.012    0.492    0.139   -0.133    2.898  
 
CDSEVI      1.000    0.517    1.374    1.000    2.011   24.353  
           -0.810    0.133    0.351    0.252   -0.205    2.653  
 
LXLS40      1.000    0.665    1.410    1.000    2.262   27.544  
           -0.621    0.155    0.237    0.181   -0.128    2.805  
 
BW735i      1.000    0.542    1.403    1.000    1.885   37.490  
           -0.789    0.103    0.340    0.226   -0.202    2.611  
 
Substitution with the outside good 
Model    % to Outside 
MZ323       0.236 
NISENT      0.201 
FDESCO      0.187 
CVCAVA      0.254 
HDACCO      0.175 
FDTAUR      0.232 
BKCENT      0.166 
NIMAXI      0.132 
ACLEGE      0.112 
LNTOWN      0.089 
CDSEVI      0.109 
LXLS40      0.075 
BW735i      0.104 
 


Execute:  tgauss -b build.gau

GAUSS 13.1.5 (Aug  6 2013, 3364) 64-bit
(C)Copyright 1984-2012 Aptech Systems, Inc.
All Rights Reserved Worldwide.


Job: build.gau ( C:\Allen\Dropbox\GSLab\Transparent Identification (BLP Verify Elasticity)\code )
Tue Jul 14 04:53:24 2015

C:\Allen\Dropbox\GSLab\Transparent Identification (BLP Verify Elasticity)\extern(2) : error G0089 : 'x' : WARNING : Duplicate definition of local
C:\Allen\Dropbox\GSLab\Transparent Identification (BLP Verify Elasticity)\extern(2) : error G0089 : 'y' : WARNING : Duplicate definition of local
C:\Allen\Dropbox\GSLab\Transparent Identification (BLP Verify Elasticity)\extern(13) : error G0089 : 'x' : WARNING : Duplicate definition of local
C:\Allen\Dropbox\GSLab\Transparent Identification (BLP Verify Elasticity)\extern(13) : error G0089 : 'y' : WARNING : Duplicate definition of local
C:\Allen\Dropbox\GSLab\Transparent Identification (BLP Verify Elasticity)\extern(475) : error G0089 : 'x' : WARNING : Duplicate definition of local
C:\Allen\Dropbox\GSLab\Transparent Identification (BLP Verify Elasticity)\extern(475) : error G0089 : 'y' : WARNING : Duplicate definition of local
C:\Allen\Dropbox\GSLab\Transparent Identification (BLP Verify Elasticity)\extern(482) : error G0089 : 'x' : WARNING : Duplicate definition of local
C:\Allen\Dropbox\GSLab\Transparent Identification (BLP Verify Elasticity)\extern(587) : error G0089 : 'parm' : WARNING : Duplicate definition of local
C:\Allen\Dropbox\GSLab\Transparent Identification (BLP Verify Elasticity)\extern(3) : error G0089 : 'x' : WARNING : Duplicate definition of local
C:\Allen\Dropbox\GSLab\Transparent Identification (BLP Verify Elasticity)\extern(3) : error G0089 : 'mask' : WARNING : Duplicate definition of local
C:\Allen\Dropbox\GSLab\Transparent Identification (BLP Verify Elasticity)\extern(3) : error G0089 : 'width' : WARNING : Duplicate definition of local
C:\Allen\Dropbox\GSLab\Transparent Identification (BLP Verify Elasticity)\extern(3) : error G0089 : 'prec' : WARNING : Duplicate definition of local
C:\Allen\Dropbox\GSLab\Transparent Identification (BLP Verify Elasticity)\extern(62) : error G0089 : 'x' : WARNING : Duplicate definition of local
C:\Allen\Dropbox\GSLab\Transparent Identification (BLP Verify Elasticity)\extern(72) : error G0089 : 'x' : WARNING : Duplicate definition of local
C:\Allen\Dropbox\GSLab\Transparent Identification (BLP Verify Elasticity)\extern(5) : error G0089 : 'x' : WARNING : Duplicate definition of local
C:\Allen\Dropbox\GSLab\Transparent Identification (BLP Verify Elasticity)\extern(15) : error G0089 : 'x' : WARNING : Duplicate definition of local
C:\Allen\Dropbox\GSLab\Transparent Identification (BLP Verify Elasticity)\extern(30) : error G0089 : 'x' : WARNING : Duplicate definition of local
C:\Allen\Dropbox\GSLab\Transparent Identification (BLP Verify Elasticity)\extern(30) : error G0089 : 'y' : WARNING : Duplicate definition of local
C:\Allen\Dropbox\GSLab\Transparent Identification (BLP Verify Elasticity)\extern(30) : error G0089 : 'printvar' : WARNING : Duplicate definition of local
C:\Allen\Dropbox\GSLab\Transparent Identification (BLP Verify Elasticity)\extern(47) : error G0089 : 'x' : WARNING : Duplicate definition of local
C:\Allen\Dropbox\GSLab\Transparent Identification (BLP Verify Elasticity)\extern(47) : error G0089 : 'y' : WARNING : Duplicate definition of local
C:\Allen\Dropbox\GSLab\Transparent Identification (BLP Verify Elasticity)\extern(47) : error G0089 : 'z' : WARNING : Duplicate definition of local
C:\Allen\Dropbox\GSLab\Transparent Identification (BLP Verify Elasticity)\extern(47) : error G0089 : 'printvar' : WARNING : Duplicate definition of local
C:\Allen\Dropbox\GSLab\Transparent Identification (BLP Verify Elasticity)\extern(68) : error G0089 : 'y' : WARNING : Duplicate definition of local
C:\Allen\Dropbox\GSLab\Transparent Identification (BLP Verify Elasticity)\extern(68) : error G0089 : 'x' : WARNING : Duplicate definition of local
C:\Allen\Dropbox\GSLab\Transparent Identification (BLP Verify Elasticity)\extern(68) : error G0089 : 'z' : WARNING : Duplicate definition of local
C:\Allen 
 4:53:24
 7/14/15
nfind        10.000000 
onelam        1.0000000 
dfiflag        1.0000000 
ciflag        1.0000000 
conduct       0.00000000 
loaddraw       0.00000000 
loading data....
creating needed variables ...
creating stuff to compute correct s.e.'s ....
log sharevec computed
logs in w computed
data section completed....
parm0|verstart is 
       43.501000 
       3.6120000 
       4.6280000 
       2.0560000 
       1.8180000 
       1.0500000 
      0.00000000 
      0.00000000 
      0.00000000 
      0.00000000 
      0.00000000 
      0.00000000 
      0.00000000 
      0.00000000 
      0.00000000 
      0.00000000 
kseed1 is        17543.000 
kseed2 is        76312.000 
 
TAKING NEW DRAWS
looking for new delta in yr:  1  2  3  4  5  6  7  8  9 10 11 12 13 14 15 16 17 18 19 20  
taking draws in yr  1.0000 
 
1.0000 2.0000 3.0000 4.0000 5.0000  
1.0000 1.1922 0.4788 2.4733 0.9808 -0.8244 1.5610 
2.0000 1.4971 -2.0262 -0.7475 -1.7413 1.4126 1.0495 
3.0000 1.4381 0.8133 0.0496 -1.7500 -1.2035 1.6475 
4.0000 1.7687 -0.1775 0.6837 0.2866 0.3915 0.6434 
5.0000 0.8500 -0.1353 -1.1434 0.7359 1.0362 1.8172 
6.0000 0.3392 1.7649 1.0322 2.2637 2.3323 0.5450 
7.0000 -1.1641 1.6553 1.3428 0.6410 1.7428 0.8362 
8.0000 0.9235 0.5189 -0.1127 -1.1077 0.2685 1.1266 
9.0000 1.0003 -0.2064 0.0146 -0.2129 1.4243 0.9820 
10.0000 2.1436 -1.1778 -0.3438 -1.0380 0.2001 1.4813 
taking draws in yr  2.0000 
 
1.0000 2.0000 3.0000 4.0000 5.0000  
1.0000 0.2260 -0.2743 -0.4747 1.5855 0.0094 1.7493 
2.0000 -0.7499 0.4996 1.0156 -0.3127 0.3528 1.3126 
3.0000 0.3333 0.8772 -0.5723 1.0193 -1.7263 2.2414 
4.0000 1.5246 0.7212 0.2462 -0.6705 0.4665 2.4953 
5.0000 0.2074 -0.5312 1.7704 -1.4422 -1.5559 1.9573 
6.0000 1.2601 -0.1255 -2.0365 0.1188 0.6718 1.2442 
7.0000 -1.5605 0.7004 1.6765 0.6718 1.5188 1.1780 
8.0000 0.8801 -1.5509 0.7619 1.2235 -0.7929 1.3803 
9.0000 0.8434 0.0160 1.0702 0.4321 -1.2038 0.9724 
10.0000 -0.2068 1.2567 0.8089 1.1819 0.3138 1.1162 
taking draws in yr  3.0000 
 
1.0000 2.0000 3.0000 4.0000 5.0000  
1.0000 0.1176 -1.3222 1.3080 -0.8346 0.7297 1.2997 
2.0000 -0.4924 -0.5974 1.3947 -1.0205 0.3286 0.9294 
3.0000 -0.0871 0.5853 0.4859 -2.6533 0.2552 3.3304 
4.0000 1.1088 0.3278 0.9673 1.4899 -1.9221 2.4000 
5.0000 -0.1390 0.0130 -1.2984 0.3898 0.8638 1.5285 
6.0000 -0.8265 0.6859 1.0378 0.2935 0.5366 1.4254 
7.0000 -0.2234 -0.4037 1.5814 -0.1415 -0.2935 1.9863 
8.0000 0.5994 -0.4912 0.5007 0.9785 1.3790 2.4285 
9.0000 0.4026 0.5396 -1.1064 -1.5134 -0.8812 1.5618 
10.0000 -0.3395 -0.5314 0.1180 0.8828 1.1647 1.3424 
taking draws in yr  4.0000 
 
1.0000 2.0000 3.0000 4.0000 5.0000  
1.0000 0.7330 -0.3612 1.1423 0.7234 -1.4714 1.4393 
2.0000 -0.3301 0.6645 1.4027 0.7890 -0.3038 1.1036 
3.0000 0.9693 1.1619 0.1202 -0.5716 -1.6222 3.0952 
4.0000 -1.7820 1.4013 2.1985 1.5714 1.0472 1.2885 
5.0000 0.9390 0.1493 -0.9762 2.4386 1.6076 1.4811 
6.0000 -0.7043 -1.1545 1.6583 0.9237 1.1222 1.4042 
7.0000 0.0213 1.4233 -1.1292 -1.2917 1.2865 1.3842 
8.0000 1.5354 0.5914 1.1454 0.5241 -1.2730 0.7294 
9.0000 0.6480 0.6093 1.0028 -2.2135 -0.2904 0.7342 
10.0000 1.3249 -0.3420 0.6016 0.9068 0.8350 1.2722 
taking draws in yr  5.0000 
 
1.0000 2.0000 3.0000 4.0000 5.0000  
1.0000 -0.2684 -0.5747 1.4497 1.1689 0.3793 1.2366 
2.0000 0.4011 -0.2140 -0.5690 0.9535 2.6183 1.6525 
3.0000 0.9869 -0.6643 1.3004 -0.2657 -0.3549 0.7889 
4.0000 1.1734 0.7598 0.4256 0.2513 -1.2676 0.9336 
5.0000 2.0488 -0.3477 -0.5830 -0.7020 0.9303 1.9190 
6.0000 2.3958 0.5668 1.0812 -1.8389 1.0188 0.8391 
7.0000 -1.1853 0.3878 1.9497 0.3275 0.3337 0.9875 
8.0000 1.4528 -0.4967 0.0626 0.4911 1.4678 1.1740 
9.0000 1.1398 0.1263 0.7337 0.1074 1.2294 0.7415 
10.0000 1.3815 -0.1825 0.7344 0.7277 -0.9450 0.8174 
taking draws in yr  6.0000 
 
1.0000 2.0000 3.0000 4.0000 5.0000  
1.0000 -0.0213 0.6667 -2.0068 1.2282 1.1698 1.3936 
2.0000 0.2882 0.7957 0.8121 0.3104 0.5684 1.2373 
3.0000 0.7076 2.1668 -0.5754 -1.1154 1.7454 0.9560 
4.0000 0.1776 0.8558 0.7236 -0.7124 0.9848 0.9547 
5.0000 -0.6328 -0.0792 -1.4136 -1.1457 0.8967 2.2947 
6.0000 0.8169 -1.0597 -0.8037 0.5439 -0.6485 2.4723 
7.0000 -0.7483 -0.5357 0.9919 0.8454 1.3000 2.1808 
8.0000 -0.0535 0.5111 0.4892 -1.2582 0.0111 1.2565 
9.0000 0.5344 0.7822 0.5785 0.7615 -0.0884 1.4071 
10.0000 0.8498 -0.4195 -0.1790 0.9104 -0.3554 1.6999 
taking draws in yr  7.0000 
 
1.0000 2.0000 3.0000 4.0000 5.0000  
1.0000 0.8238 -0.0890 0.5883 -0.8484 0.2497 1.7274 
2.0000 -0.2067 -0.7059 0.6056 -0.6040 -0.6067 2.4288 
3.0000 0.8884 -0.8154 1.0250 -0.0959 2.9124 0.9275 
4.0000 2.5314 2.8522 -0.6074 2.0406 -0.2012 1.1571 
5.0000 -1.7371 0.4086 1.7064 -0.8041 0.9133 1.8552 
6.0000 1.1860 -1.6881 -0.6659 -1.1127 -1.7002 2.4582 
7.0000 -0.9298 -0.6192 1.5224 -0.4780 0.5311 1.4785 
8.0000 -0.4890 0.9399 0.4369 -1.5512 -0.1369 2.1842 
9.0000 0.9066 -0.4670 -0.6086 -0.2836 -0.2108 1.2830 
10.0000 1.5837 0.7356 -0.2634 -0.1238 1.4907 1.6712 
taking draws in yr  8.0000 
 
1.0000 2.0000 3.0000 4.0000 5.0000  
1.0000 0.0166 -0.8053 1.0231 2.2377 -0.5017 2.6217 
2.0000 1.1132 1.1784 1.0126 0.3211 0.0808 0.8672 
3.0000 -0.8487 0.1868 0.9428 -0.2576 -0.9451 2.2633 
4.0000 0.5898 1.8994 -0.7522 0.9836 1.8179 1.0417 
5.0000 1.4170 -0.7231 -0.1289 -0.9912 0.2420 1.8011 
6.0000 0.5748 -2.2525 0.4154 0.8420 0.5005 1.7074 
7.0000 0.4758 -0.7114 -1.1932 -0.9545 0.0138 1.7459 
8.0000 0.2156 -1.1531 -0.7347 0.5582 1.6664 0.9564 
9.0000 0.1060 0.3131 1.6199 -1.1506 -0.5675 1.4421 
10.0000 2.5509 1.7793 1.5769 0.8644 2.0872 1.8658 
taking draws in yr  9.0000 
 
1.0000 2.0000 3.0000 4.0000 5.0000  
1.0000 1.2973 0.9206 1.8191 1.3476 -0.7192 0.6452 
2.0000 0.7429 -0.1069 -1.6048 -0.6990 1.5272 2.2274 
3.0000 1.8815 -0.1969 1.7855 -0.2983 -1.6229 0.8300 
4.0000 1.3289 2.0299 1.2242 -1.2432 -0.6008 0.9498 
5.0000 0.5626 -0.7145 1.1534 0.0141 0.9699 1.4877 
6.0000 0.1893 0.7782 0.3781 0.7442 -0.2724 1.6333 
7.0000 1.4143 0.9403 -0.4209 0.7479 -1.4530 1.3131 
8.0000 0.6212 1.2777 1.4831 0.3476 0.1460 1.5150 
9.0000 0.9476 -1.7455 1.9962 0.3000 -1.6772 1.2168 
10.0000 -0.1767 0.5704 0.3020 -1.2757 0.9930 1.9299 
taking draws in yr  10.0000 
 
1.0000 2.0000 3.0000 4.0000 5.0000  
1.0000 2.0666 0.4083 -0.7045 -0.9825 0.8176 0.9490 
2.0000 0.7075 -0.8505 1.0643 -0.3042 1.5701 1.3903 
3.0000 1.2935 0.1703 1.3165 -1.1263 0.9208 1.3938 
4.0000 0.6128 0.5943 0.1198 1.4245 -0.9663 1.2864 
5.0000 1.2394 0.0148 -0.8987 0.6756 -2.4192 2.4604 
6.0000 1.1801 -0.1901 0.1469 0.4942 -0.5686 2.2070 
7.0000 -0.2782 -0.4639 0.1461 -0.6416 0.2985 2.2945 
8.0000 -0.7475 0.3106 1.4466 1.4365 1.7052 1.1835 
9.0000 1.8249 -0.4364 0.3688 0.8644 -0.1693 1.4171 
10.0000 -0.1465 -0.0416 0.6205 0.2813 0.3290 1.1414 
taking draws in yr  11.0000 
 
1.0000 2.0000 3.0000 4.0000 5.0000  
1.0000 -0.6776 1.4200 1.7532 0.0329 -0.0756 1.0342 
2.0000 -0.8746 2.0796 0.4121 -0.5711 -0.4255 1.5894 
3.0000 0.9192 0.1502 -0.0148 0.5785 0.1252 2.1168 
4.0000 0.1150 0.3351 0.6300 0.8340 0.1723 1.7713 
5.0000 1.0448 0.9443 0.5279 -1.1620 -0.4769 1.0781 
6.0000 0.6905 -0.4240 0.5348 1.1555 0.3590 1.1608 
7.0000 2.3532 0.6532 0.7849 0.3161 -1.8211 0.8746 
8.0000 0.5106 -0.5974 1.9585 0.3131 0.9227 1.2510 
9.0000 0.5725 -1.5794 0.6292 0.2622 2.6103 1.1477 
10.0000 0.5617 0.7786 1.4044 0.8313 1.2128 1.3933 
taking draws in yr  12.0000 
 
1.0000 2.0000 3.0000 4.0000 5.0000  
1.0000 1.9874 -0.2174 -0.7289 -0.8699 1.4642 1.8168 
2.0000 -0.3055 0.0309 2.5572 0.7358 1.9216 0.8706 
3.0000 -0.3606 -0.1310 -0.5214 0.0532 3.5174 2.2085 
4.0000 0.7471 -0.9833 0.9995 -0.4786 -1.3548 1.7005 
5.0000 0.1246 0.9275 0.7053 -0.9363 -0.0632 1.6204 
6.0000 0.6461 -1.0632 2.1636 0.0926 0.8818 1.2296 
7.0000 0.1885 0.5197 -0.5380 -0.7081 0.3491 1.8950 
8.0000 1.5394 1.7318 0.5672 -0.6071 0.4907 1.1485 
9.0000 0.8679 -0.0988 -0.6458 0.1896 0.7812 1.1243 
10.0000 2.0870 0.7016 -1.2479 -2.0544 1.0860 1.2548 
taking draws in yr  13.0000 
 
1.0000 2.0000 3.0000 4.0000 5.0000  
1.0000 0.9584 0.5668 0.5576 0.4443 1.0779 1.4893 
2.0000 2.9069 0.1806 1.2874 0.4017 1.1518 1.5654 
3.0000 0.6369 -0.1899 1.4318 0.4746 -0.1714 1.1126 
4.0000 0.7338 0.2785 -0.3010 0.9525 -0.2398 1.3584 
5.0000 -0.4011 0.7810 0.9263 -1.9958 0.4958 1.7363 
6.0000 1.0461 0.3884 1.1649 -0.8968 1.3094 0.7908 
7.0000 -0.0285 0.1155 -0.0819 -1.0527 0.6666 1.1754 
8.0000 -1.2593 0.4106 0.8512 0.3194 1.3215 1.0409 
9.0000 -0.0121 -1.1311 0.3494 -1.4677 1.2160 1.2446 
10.0000 -0.3892 0.4825 0.6512 -1.1267 1.5357 2.3252 
taking draws in yr  14.0000 
 
1.0000 2.0000 3.0000 4.0000 5.0000  
1.0000 0.1950 -0.8747 1.4177 -1.5523 0.5989 1.3245 
2.0000 0.8827 -1.3244 0.5558 -0.8454 1.2253 1.2620 
3.0000 2.2014 -0.1513 -0.7961 1.4798 1.7004 0.9461 
4.0000 0.5753 0.0906 0.4129 0.3983 -1.1420 1.0355 
5.0000 1.4593 -0.2505 1.2921 1.6620 0.4858 0.8881 
6.0000 1.7948 1.7714 -0.0423 -0.0692 0.5753 1.2590 
7.0000 0.2496 -1.5607 0.2180 -0.3364 -0.6616 2.5155 
8.0000 1.1173 1.3078 -1.1703 -0.2434 0.3313 1.6874 
9.0000 1.5254 1.2224 0.4872 -1.3067 1.8122 1.3009 
10.0000 1.7067 0.1197 0.0988 -1.2180 0.4255 0.7555 
taking draws in yr  15.0000 
 
1.0000 2.0000 3.0000 4.0000 5.0000  
1.0000 2.6988 0.9497 0.4401 1.3365 0.6586 0.4730 
2.0000 0.0676 0.9402 -1.1881 1.1975 -1.0350 1.6667 
3.0000 -0.8419 -0.8641 0.4178 0.3636 1.0168 2.7135 
4.0000 1.1830 -0.5707 0.5395 0.4737 0.9204 1.6094 
5.0000 -0.7116 -0.3586 -0.5391 -0.2398 0.5588 2.0463 
6.0000 0.7374 1.2697 -1.1710 0.0114 -0.4075 1.4189 
7.0000 0.6933 -0.1426 -0.0521 0.1746 -0.4974 1.0135 
8.0000 1.4449 0.9303 -0.2752 -0.5398 1.1798 2.4439 
9.0000 0.9868 -0.0773 2.0164 -2.3242 -0.0118 1.6773 
10.0000 -1.3805 0.1702 0.7359 1.3324 0.7585 1.7856 
taking draws in yr  16.0000 
 
1.0000 2.0000 3.0000 4.0000 5.0000  
1.0000 0.2669 0.0755 0.6407 0.9027 1.8199 1.2374 
2.0000 -0.7875 1.3514 1.5013 -1.1062 0.5457 1.2661 
3.0000 -0.1020 0.1907 1.2011 0.7684 0.0182 1.3977 
4.0000 -0.7564 0.8675 1.1754 -0.3700 0.0156 1.5632 
5.0000 0.5626 0.3944 0.5199 -0.6731 0.1714 0.8845 
6.0000 0.5056 1.0103 1.3302 0.8819 1.2299 0.6395 
7.0000 -0.1534 -0.6100 2.4751 -0.4104 1.3056 1.4850 
8.0000 -0.2764 0.4254 0.7390 -0.7458 0.5976 1.5879 
9.0000 -0.0356 0.1474 0.2944 0.3008 -0.4143 1.1383 
10.0000 -0.2740 0.3049 -0.1201 0.7065 0.9786 1.7486 
taking draws in yr  17.0000 
 
1.0000 2.0000 3.0000 4.0000 5.0000  
1.0000 -0.0731 0.1498 0.5017 -0.3680 -0.6826 1.8523 
2.0000 0.4760 0.9287 -0.1613 0.0549 -0.7998 2.1545 
3.0000 -0.1444 -0.4652 0.6904 0.5513 1.2247 1.1000 
4.0000 -0.8464 1.9469 1.2012 1.0155 0.3793 2.1951 
5.0000 -0.9677 1.0249 0.5443 -0.6879 0.0838 1.3951 
6.0000 0.7049 0.2210 -1.0495 -1.6632 0.6878 1.2439 
7.0000 0.3460 0.2526 0.9189 1.6841 -0.0792 0.8972 
8.0000 -0.1482 0.8022 1.4147 -0.0252 0.5837 1.4546 
9.0000 0.1008 -0.3123 0.3785 1.2671 0.1735 1.3590 
10.0000 -0.2027 1.0783 0.5448 -0.9389 -0.1572 2.1790 
taking draws in yr  18.0000 
 
1.0000 2.0000 3.0000 4.0000 5.0000  
1.0000 -0.2435 -0.1724 0.7413 -0.6416 1.2154 1.5340 
2.0000 1.2051 2.2391 0.5410 1.8793 -0.7823 0.6942 
3.0000 -0.1075 1.9718 -0.0368 -0.3854 0.2058 1.5275 
4.0000 0.2382 -1.4433 0.5687 1.1704 2.6175 2.2922 
5.0000 0.0779 1.2596 1.6874 0.5726 2.1792 0.5151 
6.0000 1.3708 0.5828 -0.7258 0.6353 0.7608 1.3919 
7.0000 2.3111 -0.7302 1.4300 0.1384 0.2239 0.9957 
8.0000 -0.4051 -0.9113 1.1905 -0.4556 2.4307 2.1796 
9.0000 -0.6034 -0.3260 2.2867 -1.5528 0.8525 1.8354 
10.0000 -0.8965 -0.3168 -0.3900 0.1465 0.5197 4.1677 
taking draws in yr  19.0000 
 
1.0000 2.0000 3.0000 4.0000 5.0000  
1.0000 0.5322 -0.2350 0.3926 1.5302 1.0427 1.2797 
2.0000 0.6676 -0.4660 0.5820 -2.1888 2.4256 1.1059 
3.0000 1.4049 1.7247 1.1213 1.3441 0.7646 1.0313 
4.0000 0.3558 -0.1662 0.2057 -0.3005 -0.3121 1.0807 
5.0000 1.1158 0.9833 -1.2072 -1.0418 1.7245 0.9041 
6.0000 -0.3919 0.7412 0.6931 1.0154 1.3571 1.1917 
7.0000 1.0597 0.5222 0.9304 1.2002 0.9826 0.9574 
8.0000 0.1802 0.1064 0.0720 0.1830 0.1554 2.3519 
9.0000 2.1043 -1.4017 0.0667 -0.3706 -1.1145 1.2978 
10.0000 -0.7881 0.4233 -1.0323 1.6571 -0.2608 2.2613 
taking draws in yr  20.0000 
 
1.0000 2.0000 3.0000 4.0000 5.0000  
1.0000 0.0879 0.6467 0.1894 -1.0304 1.8588 1.7201 
2.0000 1.5710 0.3426 0.3849 1.3330 1.6775 0.3687 
3.0000 0.5357 -1.7985 1.8144 -1.6022 -0.7227 1.6226 
4.0000 0.0183 0.7110 0.6212 0.1637 1.4454 2.0427 
5.0000 0.1800 0.4986 -0.2407 1.9229 0.1503 2.2525 
6.0000 0.7655 -0.3788 -1.3025 -1.3192 1.1892 2.0139 
7.0000 0.4549 0.7641 1.2759 0.4778 -0.1726 0.9750 
8.0000 -0.2188 0.4117 -1.5188 -1.1353 1.6028 1.3881 
9.0000 1.3443 1.6001 0.5153 -0.3805 -0.6382 1.0760 
10.0000 0.1369 0.8782 0.9925 0.0123 -1.2477 2.3572 
initial instruments
original cols of z1: 47.0000 
2.0000 keep for R2 of 0.0000 
3.0000 keep for R2 of 0.0023 
4.0000 keep for R2 of 0.1303 
5.0000 keep for R2 of 0.3952 
6.0000 keep for R2 of 0.4749 
7.0000 keep for R2 of 0.3948 
8.0000 keep for R2 of 0.2332 
9.0000 keep for R2 of 0.9716 
10.0000 kill for R2 of 0.9916 
11.0000 keep for R2 of 0.7101 
12.0000 keep for R2 of 0.9480 
13.0000 kill for R2 of 0.9967 
14.0000 keep for R2 of 0.9510 
15.0000 keep for R2 of 0.8690 
16.0000 keep for R2 of 0.9549 
17.0000 kill for R2 of 0.9917 
18.0000 keep for R2 of 0.9628 
19.0000 keep for R2 of 0.9776 
20.0000 kill for R2 of 0.9994 
21.0000 kill for R2 of 0.9959 
22.0000 keep for R2 of 0.2840 
23.0000 kill for R2 of 0.9965 
24.0000 keep for R2 of 0.6427 
25.0000 kill for R2 of 0.9969 
26.0000 keep for R2 of 0.9761 
27.0000 keep for R2 of 0.1685 
28.0000 keep for R2 of 0.1145 
29.0000 keep for R2 of 0.0853 
30.0000 keep for R2 of 0.0847 
31.0000 keep for R2 of 0.2128 
32.0000 keep for R2 of 0.2169 
33.0000 keep for R2 of 0.2079 
34.0000 keep for R2 of 0.2515 
35.0000 keep for R2 of 0.3288 
36.0000 keep for R2 of 0.3714 
37.0000 keep for R2 of 0.9366 
38.0000  kill for rank
39.0000  kill for rank
40.0000  kill for rank
41.0000  kill for rank
42.0000  kill for rank
43.0000  kill for rank
44.0000 kill for R2 of 1.0000 
45.0000 kill for R2 of 1.0000 
46.0000 kill for R2 of 1.0000 
47.0000  kill for rank
remaining cols of z1: 30.0000 
original cols of z2: 45.0000 
2.0000 keep for R2 of  0.0000 
3.0000 keep for R2 of 0.0026 
4.0000 keep for R2 of 0.1405 
5.0000 keep for R2 of 0.2327 
6.0000 keep for R2 of 0.1961 
7.0000 kill for R2 of 0.9962 
8.0000 keep for R2 of 0.3637 
9.0000 kill for R2 of 0.9956 
10.0000 keep for R2 of 0.9748 
11.0000 keep for R2 of 0.8467 
12.0000 keep for R2 of 0.5555 
13.0000 keep for R2 of 0.9783 
14.0000 keep for R2 of 0.9400 
15.0000 keep for R2 of 0.7463 
16.0000 keep for R2 of 0.9848 
17.0000 keep for R2 of 0.7544 
18.0000 kill for R2 of 0.9982 
19.0000 keep for R2 of 0.7746 
20.0000 kill for R2 of 0.9975 
21.0000 kill for R2 of 0.9970 
22.0000 kill for R2 of 0.9998 
23.0000 keep for R2 of 0.8851 
24.0000 keep for R2 of 0.9392 
25.0000 keep for R2 of 0.7861 
26.0000 keep for R2 of 0.9706 
27.0000 kill for R2 of 0.9991 
28.0000 keep for R2 of 0.9858 
29.0000 kill for R2 of 0.9998 
30.0000 keep for R2 of 0.9078 
31.0000 kill for R2 of 0.9996 
32.0000 kill for R2 of 0.9901 
33.0000 kill for R2 of 0.9997 
34.0000 keep for R2 of 0.1737 
35.0000 keep for R2 of 0.0957 
36.0000 keep for R2 of 0.1334 
37.0000 keep for R2 of 0.0971 
38.0000 keep for R2 of 0.1356 
39.0000 keep for R2 of 0.2271 
40.0000 keep for R2 of 0.2454 
41.0000 keep for R2 of 0.2716 
42.0000 keep for R2 of 0.3847 
43.0000 keep for R2 of 0.4635 
44.0000 keep for R2 of 0.9897 
45.0000 keep for R2 of 0.6979 
remaining cols of z2: 34.0000 
predicted deltas
 
 
RESULTS FOR: 2SLS
 
R-SQ = 0.452 
 
predicted mc
 
 
RESULTS FOR: 2SLS
 
R-SQ = 0.353 
 
Loop for predicted equilibrium prices, year by year 
yr~test 1.000 4.393 
yr~test 1.000 1.713 
yr~test 1.000 1.028 
yr~test 1.000 0.640 
yr~test 1.000 0.420 
yr~test 1.000 0.275 
yr~test 1.000 0.179 
yr~test 1.000 0.117 
yr~test 1.000 0.076 
yr~test 1.000 0.051 
yr~test 1.000 0.035 
yr~test 1.000 0.024 
yr~test 1.000 0.017 
yr~test 1.000 0.012 
yr~test 1.000 0.008 
yr~test 1.000 0.006 
yr~test 2.000 3.655 
yr~test 2.000 1.508 
yr~test 2.000 1.162 
yr~test 2.000 0.911 
yr~test 2.000 0.692 
yr~test 2.000 0.502 
yr~test 2.000 0.349 
yr~test 2.000 0.234 
yr~test 2.000 0.154 
yr~test 2.000 0.128 
yr~test 2.000 0.109 
yr~test 2.000 0.094 
yr~test 2.000 0.080 
yr~test 2.000 0.069 
yr~test 2.000 0.059 
yr~test 2.000 0.051 
yr~test 2.000 0.043 
yr~test 2.000 0.037 
yr~test 2.000 0.032 
yr~test 2.000 0.027 
yr~test 2.000 0.023 
yr~test 2.000 0.020 
yr~test 2.000 0.017 
yr~test 2.000 0.015 
yr~test 2.000 0.013 
yr~test 2.000 0.011 
yr~test 2.000 0.009 
yr~test 2.000 0.008 
yr~test 2.000 0.007 
yr~test 2.000 0.006 
yr~test 2.000 0.005 
yr~test 3.000 3.723 
yr~test 3.000 1.152 
yr~test 3.000 0.842 
yr~test 3.000 0.651 
yr~test 3.000 0.509 
yr~test 3.000 0.398 
yr~test 3.000 0.309 
yr~test 3.000 0.237 
yr~test 3.000 0.180 
yr~test 3.000 0.136 
yr~test 3.000 0.102 
yr~test 3.000 0.083 
yr~test 3.000 0.067 
yr~test 3.000 0.055 
yr~test 3.000 0.044 
yr~test 3.000 0.036 
yr~test 3.000 0.029 
yr~test 3.000 0.023 
yr~test 3.000 0.019 
yr~test 3.000 0.015 
yr~test 3.000 0.012 
yr~test 3.000 0.010 
yr~test 3.000 0.008 
yr~test 3.000 0.006 
yr~test 4.000 3.438 
yr~test 4.000 1.168 
yr~test 4.000 0.840 
yr~test 4.000 0.615 
yr~test 4.000 0.501 
yr~test 4.000 0.415 
yr~test 4.000 0.346 
yr~test 4.000 0.289 
yr~test 4.000 0.248 
yr~test 4.000 0.214 
yr~test 4.000 0.183 
yr~test 4.000 0.156 
yr~test 4.000 0.133 
yr~test 4.000 0.112 
yr~test 4.000 0.094 
yr~test 4.000 0.079 
yr~test 4.000 0.065 
yr~test 4.000 0.054 
yr~test 4.000 0.045 
yr~test 4.000 0.037 
yr~test 4.000 0.031 
yr~test 4.000 0.025 
yr~test 4.000 0.021 
yr~test 4.000 0.017 
yr~test 4.000 0.014 
yr~test 4.000 0.011 
yr~test 4.000 0.009 
yr~test 4.000 0.008 
yr~test 4.000 0.006 
yr~test 4.000 0.005 
yr~test 5.000 3.244 
yr~test 5.000 0.983 
yr~test 5.000 0.650 
yr~test 5.000 0.452 
yr~test 5.000 0.326 
yr~test 5.000 0.239 
yr~test 5.000 0.177 
yr~test 5.000 0.131 
yr~test 5.000 0.097 
yr~test 5.000 0.073 
yr~test 5.000 0.054 
yr~test 5.000 0.040 
yr~test 5.000 0.030 
yr~test 5.000 0.022 
yr~test 5.000 0.017 
yr~test 5.000 0.013 
yr~test 5.000 0.009 
yr~test 5.000 0.007 
yr~test 5.000 0.005 
yr~test 6.000 3.491 
yr~test 6.000 1.130 
yr~test 6.000 0.780 
yr~test 6.000 0.586 
yr~test 6.000 0.450 
yr~test 6.000 0.348 
yr~test 6.000 0.268 
yr~test 6.000 0.206 
yr~test 6.000 0.158 
yr~test 6.000 0.120 
yr~test 6.000 0.091 
yr~test 6.000 0.069 
yr~test 6.000 0.052 
yr~test 6.000 0.039 
yr~test 6.000 0.030 
yr~test 6.000 0.023 
yr~test 6.000 0.019 
yr~test 6.000 0.015 
yr~test 6.000 0.012 
yr~test 6.000 0.010 
yr~test 6.000 0.008 
yr~test 6.000 0.006 
yr~test 6.000 0.005 
yr~test 7.000 3.188 
yr~test 7.000 0.900 
yr~test 7.000 0.636 
yr~test 7.000 0.480 
yr~test 7.000 0.375 
yr~test 7.000 0.300 
yr~test 7.000 0.245 
yr~test 7.000 0.201 
yr~test 7.000 0.166 
yr~test 7.000 0.138 
yr~test 7.000 0.114 
yr~test 7.000 0.095 
yr~test 7.000 0.079 
yr~test 7.000 0.067 
yr~test 7.000 0.058 
yr~test 7.000 0.051 
yr~test 7.000 0.044 
yr~test 7.000 0.038 
yr~test 7.000 0.033 
yr~test 7.000 0.028 
yr~test 7.000 0.024 
yr~test 7.000 0.021 
yr~test 7.000 0.018 
yr~test 7.000 0.016 
yr~test 7.000 0.013 
yr~test 7.000 0.012 
yr~test 7.000 0.010 
yr~test 7.000 0.009 
yr~test 7.000 0.007 
yr~test 7.000 0.006 
yr~test 7.000 0.005 
yr~test 8.000 3.195 
yr~test 8.000 0.763 
yr~test 8.000 0.518 
yr~test 8.000 0.353 
yr~test 8.000 0.276 
yr~test 8.000 0.222 
yr~test 8.000 0.182 
yr~test 8.000 0.151 
yr~test 8.000 0.126 
yr~test 8.000 0.106 
yr~test 8.000 0.090 
yr~test 8.000 0.077 
yr~test 8.000 0.065 
yr~test 8.000 0.056 
yr~test 8.000 0.048 
yr~test 8.000 0.041 
yr~test 8.000 0.035 
yr~test 8.000 0.030 
yr~test 8.000 0.026 
yr~test 8.000 0.022 
yr~test 8.000 0.019 
yr~test 8.000 0.016 
yr~test 8.000 0.014 
yr~test 8.000 0.012 
yr~test 8.000 0.010 
yr~test 8.000 0.009 
yr~test 8.000 0.008 
yr~test 8.000 0.007 
yr~test 8.000 0.006 
yr~test 9.000 3.160 
yr~test 9.000 0.929 
yr~test 9.000 0.671 
yr~test 9.000 0.518 
yr~test 9.000 0.424 
yr~test 9.000 0.360 
yr~test 9.000 0.312 
yr~test 9.000 0.275 
yr~test 9.000 0.245 
yr~test 9.000 0.219 
yr~test 9.000 0.197 
yr~test 9.000 0.178 
yr~test 9.000 0.161 
yr~test 9.000 0.145 
yr~test 9.000 0.131 
yr~test 9.000 0.118 
yr~test 9.000 0.106 
yr~test 9.000 0.096 
yr~test 9.000 0.086 
yr~test 9.000 0.077 
yr~test 9.000 0.069 
yr~test 9.000 0.063 
yr~test 9.000 0.057 
yr~test 9.000 0.052 
yr~test 9.000 0.047 
yr~test 9.000 0.043 
yr~test 9.000 0.039 
yr~test 9.000 0.035 
yr~test 9.000 0.032 
yr~test 9.000 0.028 
yr~test 9.000 0.026 
yr~test 9.000 0.023 
yr~test 9.000 0.021 
yr~test 9.000 0.019 
yr~test 9.000 0.017 
yr~test 9.000 0.015 
yr~test 9.000 0.013 
yr~test 9.000 0.012 
yr~test 9.000 0.011 
yr~test 9.000 0.010 
yr~test 9.000 0.009 
yr~test 9.000 0.008 
yr~test 9.000 0.007 
yr~test 9.000 0.006 
yr~test 9.000 0.005 
yr~test 10.000 2.822 
yr~test 10.000 0.437 
yr~test 10.000 0.270 
yr~test 10.000 0.172 
yr~test 10.000 0.116 
yr~test 10.000 0.080 
yr~test 10.000 0.056 
yr~test 10.000 0.039 
yr~test 10.000 0.028 
yr~test 10.000 0.020 
yr~test 10.000 0.014 
yr~test 10.000 0.010 
yr~test 10.000 0.008 
yr~test 10.000 0.005 
yr~test 11.000 2.485 
yr~test 11.000 0.337 
yr~test 11.000 0.180 
yr~test 11.000 0.098 
yr~test 11.000 0.056 
yr~test 11.000 0.033 
yr~test 11.000 0.020 
yr~test 11.000 0.012 
yr~test 11.000 0.007 
yr~test 12.000 2.686 
yr~test 12.000 0.402 
yr~test 12.000 0.252 
yr~test 12.000 0.158 
yr~test 12.000 0.104 
yr~test 12.000 0.070 
yr~test 12.000 0.048 
yr~test 12.000 0.033 
yr~test 12.000 0.023 
yr~test 12.000 0.016 
yr~test 12.000 0.011 
yr~test 12.000 0.008 
yr~test 12.000 0.005 
yr~test 13.000 2.604 
yr~test 13.000 0.307 
yr~test 13.000 0.172 
yr~test 13.000 0.098 
yr~test 13.000 0.059 
yr~test 13.000 0.037 
yr~test 13.000 0.023 
yr~test 13.000 0.014 
yr~test 13.000 0.009 
yr~test 13.000 0.006 
yr~test 14.000 2.887 
yr~test 14.000 0.435 
yr~test 14.000 0.268 
yr~test 14.000 0.166 
yr~test 14.000 0.108 
yr~test 14.000 0.072 
yr~test 14.000 0.048 
yr~test 14.000 0.033 
yr~test 14.000 0.022 
yr~test 14.000 0.015 
yr~test 14.000 0.010 
yr~test 14.000 0.007 
yr~test 15.000 2.770 
yr~test 15.000 0.334 
yr~test 15.000 0.277 
yr~test 15.000 0.243 
yr~test 15.000 0.236 
yr~test 15.000 0.245 
yr~test 15.000 0.271 
yr~test 15.000 0.316 
yr~test 15.000 0.385 
yr~test 15.000 0.483 
yr~test 15.000 0.610 
yr~test 15.000 0.737 
yr~test 15.000 0.792 
yr~test 15.000 0.696 
yr~test 15.000 0.478 
yr~test 15.000 0.264 
yr~test 15.000 0.125 
yr~test 15.000 0.055 
yr~test 15.000 0.023 
yr~test 15.000 0.010 
yr~test 16.000 2.754 
yr~test 16.000 0.362 
yr~test 16.000 0.245 
yr~test 16.000 0.166 
yr~test 16.000 0.119 
yr~test 16.000 0.094 
yr~test 16.000 0.080 
yr~test 16.000 0.070 
yr~test 16.000 0.063 
yr~test 16.000 0.057 
yr~test 16.000 0.053 
yr~test 16.000 0.049 
yr~test 16.000 0.047 
yr~test 16.000 0.045 
yr~test 16.000 0.044 
yr~test 16.000 0.043 
yr~test 16.000 0.042 
yr~test 16.000 0.042 
yr~test 16.000 0.043 
yr~test 16.000 0.043 
yr~test 16.000 0.044 
yr~test 16.000 0.046 
yr~test 16.000 0.047 
yr~test 16.000 0.050 
yr~test 16.000 0.052 
yr~test 16.000 0.056 
yr~test 16.000 0.060 
yr~test 16.000 0.065 
yr~test 16.000 0.070 
yr~test 16.000 0.077 
yr~test 16.000 0.085 
yr~test 16.000 0.095 
yr~test 16.000 0.107 
yr~test 16.000 0.120 
yr~test 16.000 0.136 
yr~test 16.000 0.154 
yr~test 16.000 0.175 
yr~test 16.000 0.198 
yr~test 16.000 0.221 
yr~test 16.000 0.243 
yr~test 16.000 0.260 
yr~test 16.000 0.268 
yr~test 16.000 0.264 
yr~test 16.000 0.247 
yr~test 16.000 0.218 
yr~test 16.000 0.182 
yr~test 16.000 0.144 
yr~test 16.000 0.109 
yr~test 16.000 0.080 
yr~test 16.000 0.057 
yr~test 16.000 0.040 
yr~test 16.000 0.028 
yr~test 16.000 0.019 
yr~test 16.000 0.013 
yr~test 16.000 0.009 
yr~test 16.000 0.006 
yr~test 17.000 2.856 
yr~test 17.000 0.363 
yr~test 17.000 0.217 
yr~test 17.000 0.163 
yr~test 17.000 0.136 
yr~test 17.000 0.122 
yr~test 17.000 0.114 
yr~test 17.000 0.111 
yr~test 17.000 0.113 
yr~test 17.000 0.118 
yr~test 17.000 0.128 
yr~test 17.000 0.143 
yr~test 17.000 0.165 
yr~test 17.000 0.197 
yr~test 17.000 0.242 
yr~test 17.000 0.308 
yr~test 17.000 0.400 
yr~test 17.000 0.526 
yr~test 17.000 0.678 
yr~test 17.000 0.808 
yr~test 17.000 0.815 
yr~test 17.000 0.642 
yr~test 17.000 0.389 
yr~test 17.000 0.192 
yr~test 17.000 0.084 
yr~test 17.000 0.035 
yr~test 17.000 0.014 
yr~test 17.000 0.006 
yr~test 18.000 2.815 
yr~test 18.000 0.390 
yr~test 18.000 0.258 
yr~test 18.000 0.204 
yr~test 18.000 0.185 
yr~test 18.000 0.184 
yr~test 18.000 0.196 
yr~test 18.000 0.223 
yr~test 18.000 0.270 
yr~test 18.000 0.347 
yr~test 18.000 0.473 
yr~test 18.000 0.677 
yr~test 18.000 0.978 
yr~test 18.000 1.293 
yr~test 18.000 1.290 
yr~test 18.000 0.802 
yr~test 18.000 0.312 
yr~test 18.000 0.092 
yr~test 18.000 0.025 
yr~test 18.000 0.007 
yr~test 19.000 3.328 
yr~test 19.000 0.577 
yr~test 19.000 0.340 
yr~test 19.000 0.294 
yr~test 19.000 0.327 
yr~test 19.000 0.443 
yr~test 19.000 0.722 
yr~test 19.000 1.445 
yr~test 19.000 3.459 
yr~test 19.000 7.147 
yr~test 19.000 5.037 
yr~test 19.000 1.948 
yr~test 19.000 1.091 
yr~test 19.000 0.569 
yr~test 19.000 0.312 
yr~test 19.000 0.167 
yr~test 19.000 0.091 
yr~test 19.000 0.049 
yr~test 19.000 0.027 
yr~test 19.000 0.014 
yr~test 19.000 0.008 
yr~test 20.000 2.785 
yr~test 20.000 0.475 
yr~test 20.000 0.354 
yr~test 20.000 0.338 
yr~test 20.000 0.394 
yr~test 20.000 0.542 
yr~test 20.000 0.883 
yr~test 20.000 1.683 
yr~test 20.000 3.271 
yr~test 20.000 3.513 
yr~test 20.000 0.458 
yr~test 20.000 0.059 
yr~test 20.000 0.011 
LOGIT OLS
 
 
RESULTS FOR: OLS
 
 
   PARM     (SE)

-10.3357   0.3278 
 -0.1077   0.2877 
  2.3522   0.1384 
 -0.0696   0.0765 
  0.2274   0.0642 
  0.0784   0.0624 
  0.0030   0.0091 
 -0.0897   0.0041 
R-SQ = 0.388 
 
NOBS = 2217.000 
LOGIT 2SLS with PHAT only
 
 
RESULTS FOR: 2SLS
 
 
   PARM     (SE)

-10.4626   0.4158 
  2.1826   3.8527 
  2.2454   0.2342 
  0.7543   1.3838 
 -0.0276   0.4332 
  0.2490   0.2939 
  0.0022   0.0100 
 -0.1725   0.1388 
R-SQ = 0.274 
 
LOGIT 2SLS with PHAT, excluded
 
 
RESULTS FOR: 2SLS
 
 
   PARM     (SE)

-10.5097   0.3813 
  3.0328   0.3953 
  2.2057   0.1612 
  1.0601   0.1169 
 -0.1222   0.0783 
  0.3123   0.0742 
  0.0019   0.0106 
 -0.2032   0.0090 
R-SQ = 0.173 
 
finding deriv in yr: 1.000 
finding deriv in yr: 2.000 
finding deriv in yr: 3.000 
finding deriv in yr: 4.000 
finding deriv in yr: 5.000 
finding deriv in yr: 6.000 
finding deriv in yr: 7.000 
finding deriv in yr: 8.000 
finding deriv in yr: 9.000 
finding deriv in yr: 10.000 
finding deriv in yr: 11.000 
finding deriv in yr: 12.000 
finding deriv in yr: 13.000 
finding deriv in yr: 14.000 
finding deriv in yr: 15.000 
finding deriv in yr: 16.000 
finding deriv in yr: 17.000 
finding deriv in yr: 18.000 
finding deriv in yr: 19.000 
finding deriv in yr: 20.000 
original cols of z1: 55.000 
2.000 keep for R2 of 0.000 
3.000 keep for R2 of 0.002 
4.000 keep for R2 of 0.130 
5.000 keep for R2 of 0.395 
6.000 keep for R2 of 0.475 
7.000 keep for R2 of 0.395 
8.000 keep for R2 of 0.209 
9.000 kill for R2 of 0.996 
10.000 keep for R2 of 0.378 
11.000 kill for R2 of 0.996 
12.000 keep for R2 of 0.975 
13.000 keep for R2 of 0.114 
14.000 keep for R2 of 0.077 
15.000 keep for R2 of 0.057 
16.000 keep for R2 of 0.069 
17.000 keep for R2 of 0.102 
18.000 keep for R2 of 0.126 
19.000 keep for R2 of 0.152 
20.000 keep for R2 of 0.190 
21.000 keep for R2 of 0.254 
22.000 keep for R2 of 0.321 
23.000 keep for R2 of 0.873 
24.000 keep for R2 of 0.851 
25.000 keep for R2 of 0.467 
26.000 keep for R2 of 0.564 
27.000 keep for R2 of 0.811 
28.000 keep for R2 of 0.462 
29.000 keep for R2 of 0.790 
30.000 keep for R2 of 0.585 
31.000 keep for R2 of 0.770 
32.000 keep for R2 of 0.640 
33.000 keep for R2 of 0.859 
34.000 keep for R2 of 0.848 
35.000 keep for R2 of 0.919 
36.000 keep for R2 of 0.773 
37.000 keep for R2 of 0.742 
38.000 keep for R2 of 0.722 
39.000 keep for R2 of 0.836 
40.000 keep for R2 of 0.698 
41.000 keep for R2 of 0.642 
42.000 keep for R2 of 0.656 
43.000 keep for R2 of 0.623 
44.000 keep for R2 of 0.707 
45.000 keep for R2 of 0.625 
46.000  kill for rank
47.000  kill for rank
48.000 kill for R2 of 1.000 
49.000 kill for R2 of 1.000 
50.000  kill for rank
51.000  kill for rank
52.000  kill for rank
53.000  kill for rank
54.000 kill for R2 of 1.000 
55.000 kill for R2 of 1.000 
remaining cols of z1: 43.000 
original cols of z2: 45.000 
2.000 keep for R2 of  0.000 
3.000 keep for R2 of 0.003 
4.000 keep for R2 of 0.140 
5.000 keep for R2 of 0.233 
6.000 keep for R2 of 0.196 
7.000 kill for R2 of 0.996 
8.000 keep for R2 of 0.364 
9.000 kill for R2 of 0.996 
10.000 keep for R2 of 0.975 
11.000 keep for R2 of 0.847 
12.000 keep for R2 of 0.986 
13.000 keep for R2 of 0.441 
14.000 keep for R2 of 0.093 
15.000 keep for R2 of 0.083 
16.000 keep for R2 of 0.071 
17.000 keep for R2 of 0.059 
18.000 keep for R2 of 0.060 
19.000 keep for R2 of 0.073 
20.000 keep for R2 of 0.089 
21.000 keep for R2 of 0.101 
22.000 keep for R2 of 0.141 
23.000 keep for R2 of 0.152 
24.000 keep for R2 of 0.457 
25.000 keep for R2 of 0.347 
26.000 keep for R2 of 0.556 
27.000 keep for R2 of 0.810 
28.000 keep for R2 of 0.782 
29.000 keep for R2 of 0.901 
30.000 keep for R2 of 0.875 
31.000 keep for R2 of 0.601 
32.000 keep for R2 of 0.616 
33.000 keep for R2 of 0.835 
34.000 keep for R2 of 0.645 
35.000 keep for R2 of 0.771 
36.000 keep for R2 of 0.780 
37.000 keep for R2 of 0.752 
38.000 keep for R2 of 0.730 
39.000 keep for R2 of 0.839 
40.000 keep for R2 of 0.690 
41.000 keep for R2 of 0.643 
42.000 keep for R2 of 0.663 
43.000 keep for R2 of 0.640 
44.000 keep for R2 of 0.691 
45.000 keep for R2 of 0.695 
remaining cols of z2: 43.000 
logit 2sls with z1 
 
 
RESULTS FOR: 2SLS
 
 
   PARM     (SE)

-10.4157   0.3399 
  1.3357   0.3279 
  2.2849   0.1436 
  0.4496   0.0933 
  0.0667   0.0683 
  0.1859   0.0655 
  0.0025   0.0094 
 -0.1419   0.0065 
R-SQ = 0.343 
 
finding starting matrix to weight instruments . . . 
looking for new delta in yr:  1  2  3  4  5  6  7  8  9 10 11 12 13 14 15 16 17 18 19 20  
number of neg MC: 0.0000 
 
outer loop :  4:53:32
43.501 3.612 4.628 2.056 1.818 1.050 0.000 0.000 0.000 0.000 0.000 0.000 0.000 0.000 0.000 0.000 
bx: 8.648 -7.841 -0.966 1.150 -2.469 1.120 -0.419 
bw: 1.200 0.521 1.264 0.417 0.028 3.168 -0.030 2.442 -0.022 0.075 0.068 
lamda: 0.000 0.000 0.000 0.000 0.000 0.000 0.000 0.000 0.000 0.000 
0.08109876 
looking for new delta in yr:  1  2  3  4  5  6  7  8  9 10 11 12 13 14 15 16 17 18 19 20  
number of neg MC: 0.0000 
 
outer loop :  4:53:32
43.501 3.612 4.628 2.056 1.818 1.050 0.000 0.000 0.000 0.000 0.000 0.000 0.000 0.000 0.000 0.000 
bx: 0.399 -0.158 1.126 0.598 -1.665 1.026 -0.290 
bw: 0.943 0.549 1.189 0.448 0.028 2.746 -0.025 3.657 -0.037 0.082 0.138 
lamda: 0.000 0.000 0.000 0.000 0.000 0.000 0.000 0.000 0.000 0.000 
0.39595680 
 
Yr: 20.00000000 
Number of inelastic demands: 0.00000000 
 
 
            MZ323   NISENT   FDESCO   CVCAVA   HDACCO   FDTAUR   BKCENT 
           NIMAXI   ACLEGE   LNTOWN   CDSEVI   LXLS40   BW735i 
MZ323    -107.024    1.498    9.865    7.216    1.833    0.731    0.454  
            0.117    0.017    0.025    0.003    0.003    0.000  
 
NISENT      0.696  -89.023    7.875    5.814    2.086    0.831    0.501  
            0.152    0.024    0.036    0.004    0.005    0.000  
 
FDESCO      0.785    1.350  -83.803    5.988    2.018    0.692    0.489  
            0.140    0.022    0.033    0.004    0.005    0.000  
 
CVCAVA      0.562    0.975    5.859  -81.263    2.195    1.128    0.538  
            0.173    0.027    0.047    0.005    0.006    0.000  
 
HDACCO      0.101    0.247    1.396    1.553  -41.329    1.265    0.421  
            0.270    0.073    0.137    0.021    0.028    0.003  
 
FDTAUR      0.054    0.131    0.638    1.063    1.685  -36.983    0.339  
            0.211    0.067    0.231    0.026    0.024    0.004  
 
BKCENT      0.093    0.221    1.259    1.414    1.564    0.946  -47.182  
            0.733    0.158    0.280    0.034    0.035    0.004  
 
NIMAXI      0.027    0.075    0.403    0.510    1.126    0.662    0.822  
          -32.072    0.227    0.403    0.077    0.100    0.012  
 
ACLEGE      0.007    0.022    0.121    0.149    0.566    0.393    0.330  
            0.423  -17.356    0.529    0.127    0.166    0.029  
 
LNTOWN      0.004    0.012    0.064    0.092    0.385    0.487    0.211  
            0.271    0.191  -13.534    0.126    0.139    0.034  
 
CDSEVI      0.002    0.006    0.032    0.047    0.258    0.243    0.115  
            0.231    0.204    0.562  -10.895    0.207    0.051  
 
LXLS40      0.002    0.006    0.034    0.041    0.281    0.181    0.095  
            0.244    0.217    0.502    0.167  -10.186    0.051  
 
BW735i      0.000    0.002    0.009    0.013    0.107    0.119    0.038  
            0.119    0.149    0.481    0.163    0.201   -6.966  
 
derivatives wrt x

X                              P
(elas of share wrt x)                (elas)
-----------------------------------------    -----

MZ323       1.000    0.366    1.075    0.000    3.645    5.049  
           -0.864    0.270    0.876    0.000    0.592    5.404  
 
NISENT      1.000    0.391    1.092    0.000    3.645    5.661  
           -0.915    0.251    0.748    0.000    0.455    5.040  
 
FDESCO      1.000    0.401    1.116    0.000    4.022    5.663  
           -0.811    0.209    0.633    0.000    0.542    4.746  
 
CVCAVA      1.000    0.385    1.179    0.000    3.142    5.797  
           -1.023    0.341    1.105    0.000    0.187    4.711  
 
HDACCO      1.000    0.457    1.255    0.000    3.016    9.292  
           -0.904    0.220    0.577    0.000    0.092    3.840  
 
FDTAUR      1.000    0.304    1.334    0.000    2.262    9.671  
           -0.994    0.062    0.980    0.000   -0.184    3.577  
 
BKCENT      1.000    0.387    1.312    1.000    2.890   10.138  
           -0.855    0.183    0.605    0.390    0.047    4.783  
 
NIMAXI      1.000    0.518    1.300    1.000    2.513   13.695  
           -0.798    0.233    0.363    0.313   -0.051    4.392  
 
ACLEGE      1.000    0.510    1.292    1.000    2.388   18.944  
           -0.803    0.161    0.296    0.263   -0.120    3.288  
 
LNTOWN      1.000    0.373    1.720    1.000    2.136   21.412  
           -0.666    0.012    0.492    0.139   -0.133    2.898  
 
CDSEVI      1.000    0.517    1.374    1.000    2.011   24.353  
           -0.810    0.133    0.351    0.252   -0.205    2.653  
 
LXLS40      1.000    0.665    1.410    1.000    2.262   27.544  
           -0.621    0.155    0.237    0.181   -0.128    2.805  
 
BW735i      1.000    0.542    1.403    1.000    1.885   37.490  
           -0.789    0.103    0.340    0.226   -0.202    2.611  
 
Substitution with the outside good 
Model    % to Outside 
MZ323       0.236 
NISENT      0.201 
FDESCO      0.187 
CVCAVA      0.254 
HDACCO      0.175 
FDTAUR      0.232 
BKCENT      0.166 
NIMAXI      0.132 
ACLEGE      0.112 
LNTOWN      0.089 
CDSEVI      0.109 
LXLS40      0.075 
BW735i      0.104 
 
Program terminated with END
\Dropbox\GSLab\Transparent Identification (BLP Verify Elasticity)\extern(68) : error G0089 : 'printvar' : WARNING : Duplicate definition of local
C:\Allen\Dropbox\GSLab\Transparent Identification (BLP Verify Elasticity)\extern(102) : error G0089 : 'b' : WARNING : Duplicate definition of local
C:\Allen\Dropbox\GSLab\Transparent Identification (BLP Verify Elasticity)\extern(102) : error G0089 : 'se' : WARNING : Duplicate definition of local
C:\Allen\Dropbox\GSLab\Transparent Identification (BLP Verify Elasticity)\extern(102) : error G0089 : 'printvar' : WARNING : Duplicate definition of local
C:\Allen\Dropbox\GSLab\Transparent Identification (BLP Verify Elasticity)\extern(128) : error G0089 : 'x' : WARNING : Duplicate definition of local

 make.py ended: 2015-07-14 04:53:33
